        -:    0:Source:TestCollatz.c++
        -:    0:Graph:TestCollatz.gcno
        -:    0:Data:TestCollatz.gcda
        -:    0:Runs:1
        -:    0:Programs:1
        -:    1:// --------------------------------
        -:    2:// projects/collatz/TestCollatz.c++
        -:    3:// Copyright (C) 2014
        -:    4:// Glenn P. Downing
        -:    5:// --------------------------------
        -:    6:
        -:    7:/*
        -:    8:Google Test Libraries:
        -:    9:    % ls -al /usr/include/gtest/
        -:   10:    ...
        -:   11:    gtest.h
        -:   12:    ...
        -:   13:
        -:   14:    % locate libgtest.a
        -:   15:    /usr/lib/libgtest.a
        -:   16:
        -:   17:    % locate libpthread.a
        -:   18:    /usr/lib/x86_64-linux-gnu/libpthread.a
        -:   19:    /usr/lib32/libpthread.a
        -:   20:
        -:   21:    % locate libgtest_main.a
        -:   22:    /usr/lib/libgtest_main.a
        -:   23:
        -:   24:To compile the test:
        -:   25:    % g++-4.7 -fprofile-arcs -ftest-coverage -pedantic -std=c++11 -Wall Collatz.c++ TestCollatz.c++ -o TestCollatz -lgtest -lgtest_main -lpthread
        -:   26:
        -:   27:To run the test:
        -:   28:    % valgrind TestCollatz
        -:   29:
        -:   30:To obtain coverage of the test:
        -:   31:	% gcov-4.7 -b Collatz.c++ TestCollatz.c++
        -:   32:*/
        -:   33:
        -:   34:// --------
        -:   35:// includes
        -:   36:// --------
        -:   37:
        -:   38:#include <iostream> // cout, endl
        -:   39:#include <sstream>  // istringtstream, ostringstream
        -:   40:#include <string>   // ==
        -:   41:#include <utility>  // make_pair, pair
        -:   42:
        -:   43:#include "gtest/gtest.h"
        -:   44:
        -:   45:#include "Collatz.h"
        -:   46:
        -:   47:// -----------
        -:   48:// TestCollatz
        -:   49:// -----------
        -:   50:
        -:   51:// ----
        -:   52:// read
        -:   53:// ----
        -:   54:
function _ZN17Collatz_read_TestD0Ev called 1 returned 100% blocks executed 100%
function _ZN17Collatz_read_TestD2Ev called 1 returned 100% blocks executed 75%
function _ZN17Collatz_read_Test8TestBodyEv called 1 returned 100% blocks executed 37%
function _ZN17Collatz_read_TestC2Ev called 1 returned 100% blocks executed 100%
        5:   55:TEST(Collatz, read) {
call    0 returned 100%
call    1 returned 100%
call    2 returned 100%
call    3 returned 100%
call    4 returned 100%
call    5 returned 100%
call    6 returned 100%
branch  7 taken 0% (fallthrough)
branch  8 taken 100%
call    9 never executed
call   10 returned 100%
        1:   56:    std::istringstream r("1 10\n");
call    0 returned 100%
branch  1 taken 100% (fallthrough)
branch  2 taken 0% (throw)
call    3 returned 100%
branch  4 taken 100% (fallthrough)
branch  5 taken 0% (throw)
call    6 returned 100%
call    7 returned 100%
call    8 returned 100%
call    9 never executed
call   10 never executed
        1:   57:    const std::pair<int, int> p = collatz_read(r);
branch  0 taken 100% (fallthrough)
branch  1 taken 0% (throw)
call    2 returned 100%
        1:   58:    ASSERT_EQ( 1, p.first);
branch  0 taken 100% (fallthrough)
branch  1 taken 0% (throw)
call    2 returned 100%
call    3 returned 100%
branch  4 taken 0% (fallthrough)
branch  5 taken 100%
branch  6 never executed
branch  7 never executed
call    8 never executed
branch  9 never executed
branch 10 never executed
call   11 never executed
branch 12 never executed
branch 13 never executed
call   14 never executed
branch 15 never executed
branch 16 never executed
call   17 never executed
branch 18 never executed
branch 19 never executed
call   20 never executed
branch 21 never executed
branch 22 never executed
call   23 never executed
branch 24 taken 100% (fallthrough)
branch 25 taken 0% (throw)
call   26 returned 100%
branch 27 taken 100%
branch 28 taken 0%
call   29 never executed
call   30 never executed
call   31 never executed
        1:   59:    ASSERT_EQ(10, p.second);}
branch  0 taken 100% (fallthrough)
branch  1 taken 0% (throw)
call    2 returned 100%
call    3 returned 100%
branch  4 taken 0% (fallthrough)
branch  5 taken 100%
branch  6 never executed
branch  7 never executed
call    8 never executed
branch  9 never executed
branch 10 never executed
call   11 never executed
branch 12 never executed
branch 13 never executed
call   14 never executed
branch 15 never executed
branch 16 never executed
call   17 never executed
branch 18 never executed
branch 19 never executed
call   20 never executed
branch 21 never executed
branch 22 never executed
call   23 never executed
branch 24 taken 100% (fallthrough)
branch 25 taken 0% (throw)
call   26 returned 100%
branch 27 taken 100%
branch 28 taken 0%
branch 29 taken 100% (fallthrough)
branch 30 taken 0% (throw)
call   31 returned 100%
branch 32 taken 100%
branch 33 taken 0%
call   34 never executed
call   35 never executed
call   36 never executed
call   37 never executed
call   38 never executed
        -:   60:
function _ZN25Collatz_read_swapped_TestD0Ev called 1 returned 100% blocks executed 100%
function _ZN25Collatz_read_swapped_TestD2Ev called 1 returned 100% blocks executed 75%
function _ZN25Collatz_read_swapped_Test8TestBodyEv called 1 returned 100% blocks executed 37%
function _ZN25Collatz_read_swapped_TestC2Ev called 1 returned 100% blocks executed 100%
        5:   61:TEST(Collatz, read_swapped) {
call    0 returned 100%
call    1 returned 100%
call    2 returned 100%
call    3 returned 100%
call    4 returned 100%
call    5 returned 100%
call    6 returned 100%
branch  7 taken 0% (fallthrough)
branch  8 taken 100%
call    9 never executed
call   10 returned 100%
        1:   62:    std::istringstream r("10 1\n");
call    0 returned 100%
branch  1 taken 100% (fallthrough)
branch  2 taken 0% (throw)
call    3 returned 100%
branch  4 taken 100% (fallthrough)
branch  5 taken 0% (throw)
call    6 returned 100%
call    7 returned 100%
call    8 returned 100%
call    9 never executed
call   10 never executed
        1:   63:    const std::pair<int, int> p = collatz_read(r);
branch  0 taken 100% (fallthrough)
branch  1 taken 0% (throw)
call    2 returned 100%
        1:   64:    ASSERT_EQ(10, p.first);
branch  0 taken 100% (fallthrough)
branch  1 taken 0% (throw)
call    2 returned 100%
call    3 returned 100%
branch  4 taken 0% (fallthrough)
branch  5 taken 100%
branch  6 never executed
branch  7 never executed
call    8 never executed
branch  9 never executed
branch 10 never executed
call   11 never executed
branch 12 never executed
branch 13 never executed
call   14 never executed
branch 15 never executed
branch 16 never executed
call   17 never executed
branch 18 never executed
branch 19 never executed
call   20 never executed
branch 21 never executed
branch 22 never executed
call   23 never executed
branch 24 taken 100% (fallthrough)
branch 25 taken 0% (throw)
call   26 returned 100%
branch 27 taken 100%
branch 28 taken 0%
call   29 never executed
call   30 never executed
call   31 never executed
        1:   65:    ASSERT_EQ(1, p.second);}
branch  0 taken 100% (fallthrough)
branch  1 taken 0% (throw)
call    2 returned 100%
call    3 returned 100%
branch  4 taken 0% (fallthrough)
branch  5 taken 100%
branch  6 never executed
branch  7 never executed
call    8 never executed
branch  9 never executed
branch 10 never executed
call   11 never executed
branch 12 never executed
branch 13 never executed
call   14 never executed
branch 15 never executed
branch 16 never executed
call   17 never executed
branch 18 never executed
branch 19 never executed
call   20 never executed
branch 21 never executed
branch 22 never executed
call   23 never executed
branch 24 taken 100% (fallthrough)
branch 25 taken 0% (throw)
call   26 returned 100%
branch 27 taken 100%
branch 28 taken 0%
branch 29 taken 100% (fallthrough)
branch 30 taken 0% (throw)
call   31 returned 100%
branch 32 taken 100%
branch 33 taken 0%
call   34 never executed
call   35 never executed
call   36 never executed
call   37 never executed
call   38 never executed
        -:   66:
function _ZN22Collatz_read_same_TestD0Ev called 1 returned 100% blocks executed 100%
function _ZN22Collatz_read_same_TestD2Ev called 1 returned 100% blocks executed 75%
function _ZN22Collatz_read_same_Test8TestBodyEv called 1 returned 100% blocks executed 37%
function _ZN22Collatz_read_same_TestC2Ev called 1 returned 100% blocks executed 100%
        5:   67:TEST(Collatz, read_same) {
call    0 returned 100%
call    1 returned 100%
call    2 returned 100%
call    3 returned 100%
call    4 returned 100%
call    5 returned 100%
call    6 returned 100%
branch  7 taken 0% (fallthrough)
branch  8 taken 100%
call    9 never executed
call   10 returned 100%
        1:   68:    std::istringstream r("10 10\n");
call    0 returned 100%
branch  1 taken 100% (fallthrough)
branch  2 taken 0% (throw)
call    3 returned 100%
branch  4 taken 100% (fallthrough)
branch  5 taken 0% (throw)
call    6 returned 100%
call    7 returned 100%
call    8 returned 100%
call    9 never executed
call   10 never executed
        1:   69:    const std::pair<int, int> p = collatz_read(r);
branch  0 taken 100% (fallthrough)
branch  1 taken 0% (throw)
call    2 returned 100%
        1:   70:    ASSERT_EQ(10, p.first);
branch  0 taken 100% (fallthrough)
branch  1 taken 0% (throw)
call    2 returned 100%
call    3 returned 100%
branch  4 taken 0% (fallthrough)
branch  5 taken 100%
branch  6 never executed
branch  7 never executed
call    8 never executed
branch  9 never executed
branch 10 never executed
call   11 never executed
branch 12 never executed
branch 13 never executed
call   14 never executed
branch 15 never executed
branch 16 never executed
call   17 never executed
branch 18 never executed
branch 19 never executed
call   20 never executed
branch 21 never executed
branch 22 never executed
call   23 never executed
branch 24 taken 100% (fallthrough)
branch 25 taken 0% (throw)
call   26 returned 100%
branch 27 taken 100%
branch 28 taken 0%
call   29 never executed
call   30 never executed
call   31 never executed
        1:   71:    ASSERT_EQ(10, p.second);}
branch  0 taken 100% (fallthrough)
branch  1 taken 0% (throw)
call    2 returned 100%
call    3 returned 100%
branch  4 taken 0% (fallthrough)
branch  5 taken 100%
branch  6 never executed
branch  7 never executed
call    8 never executed
branch  9 never executed
branch 10 never executed
call   11 never executed
branch 12 never executed
branch 13 never executed
call   14 never executed
branch 15 never executed
branch 16 never executed
call   17 never executed
branch 18 never executed
branch 19 never executed
call   20 never executed
branch 21 never executed
branch 22 never executed
call   23 never executed
branch 24 taken 100% (fallthrough)
branch 25 taken 0% (throw)
call   26 returned 100%
branch 27 taken 100%
branch 28 taken 0%
branch 29 taken 100% (fallthrough)
branch 30 taken 0% (throw)
call   31 returned 100%
branch 32 taken 100%
branch 33 taken 0%
call   34 never executed
call   35 never executed
call   36 never executed
call   37 never executed
call   38 never executed
        -:   72:    
        -:   73:
        -:   74:// ----
        -:   75:// eval
        -:   76:// ----
        -:   77:
function _ZN19Collatz_eval_1_TestD0Ev called 1 returned 100% blocks executed 100%
function _ZN19Collatz_eval_1_TestD2Ev called 1 returned 100% blocks executed 75%
function _ZN19Collatz_eval_1_Test8TestBodyEv called 1 returned 100% blocks executed 35%
function _ZN19Collatz_eval_1_TestC2Ev called 1 returned 100% blocks executed 100%
        5:   78:TEST(Collatz, eval_1) {
call    0 returned 100%
call    1 returned 100%
call    2 returned 100%
call    3 returned 100%
call    4 returned 100%
call    5 returned 100%
call    6 returned 100%
branch  7 taken 0% (fallthrough)
branch  8 taken 100%
call    9 never executed
call   10 returned 100%
        1:   79:    const int v = collatz_eval(1, 10);
branch  0 taken 100% (fallthrough)
branch  1 taken 0% (throw)
call    2 returned 100%
        1:   80:    ASSERT_EQ(20, v);}
branch  0 taken 100% (fallthrough)
branch  1 taken 0% (throw)
call    2 returned 100%
call    3 returned 100%
branch  4 taken 0% (fallthrough)
branch  5 taken 100%
branch  6 never executed
branch  7 never executed
call    8 never executed
branch  9 never executed
branch 10 never executed
call   11 never executed
branch 12 never executed
branch 13 never executed
call   14 never executed
branch 15 never executed
branch 16 never executed
call   17 never executed
branch 18 never executed
branch 19 never executed
call   20 never executed
branch 21 never executed
branch 22 never executed
call   23 never executed
branch 24 taken 100% (fallthrough)
branch 25 taken 0% (throw)
call   26 returned 100%
branch 27 taken 100%
branch 28 taken 0%
call   29 never executed
call   30 never executed
call   31 never executed
call   32 never executed
        -:   81:
function _ZN19Collatz_eval_2_TestD0Ev called 1 returned 100% blocks executed 100%
function _ZN19Collatz_eval_2_TestD2Ev called 1 returned 100% blocks executed 75%
function _ZN19Collatz_eval_2_Test8TestBodyEv called 1 returned 100% blocks executed 35%
function _ZN19Collatz_eval_2_TestC2Ev called 1 returned 100% blocks executed 100%
        5:   82:TEST(Collatz, eval_2) {
call    0 returned 100%
call    1 returned 100%
call    2 returned 100%
call    3 returned 100%
call    4 returned 100%
call    5 returned 100%
call    6 returned 100%
branch  7 taken 0% (fallthrough)
branch  8 taken 100%
call    9 never executed
call   10 returned 100%
        1:   83:    const int v = collatz_eval(100, 200);
branch  0 taken 100% (fallthrough)
branch  1 taken 0% (throw)
call    2 returned 100%
        1:   84:    ASSERT_EQ(125, v);}
branch  0 taken 100% (fallthrough)
branch  1 taken 0% (throw)
call    2 returned 100%
call    3 returned 100%
branch  4 taken 0% (fallthrough)
branch  5 taken 100%
branch  6 never executed
branch  7 never executed
call    8 never executed
branch  9 never executed
branch 10 never executed
call   11 never executed
branch 12 never executed
branch 13 never executed
call   14 never executed
branch 15 never executed
branch 16 never executed
call   17 never executed
branch 18 never executed
branch 19 never executed
call   20 never executed
branch 21 never executed
branch 22 never executed
call   23 never executed
branch 24 taken 100% (fallthrough)
branch 25 taken 0% (throw)
call   26 returned 100%
branch 27 taken 100%
branch 28 taken 0%
call   29 never executed
call   30 never executed
call   31 never executed
call   32 never executed
        -:   85:
function _ZN19Collatz_eval_3_TestD0Ev called 1 returned 100% blocks executed 100%
function _ZN19Collatz_eval_3_TestD2Ev called 1 returned 100% blocks executed 75%
function _ZN19Collatz_eval_3_Test8TestBodyEv called 1 returned 100% blocks executed 35%
function _ZN19Collatz_eval_3_TestC2Ev called 1 returned 100% blocks executed 100%
        5:   86:TEST(Collatz, eval_3) {
call    0 returned 100%
call    1 returned 100%
call    2 returned 100%
call    3 returned 100%
call    4 returned 100%
call    5 returned 100%
call    6 returned 100%
branch  7 taken 0% (fallthrough)
branch  8 taken 100%
call    9 never executed
call   10 returned 100%
        1:   87:    const int v = collatz_eval(201, 210);
branch  0 taken 100% (fallthrough)
branch  1 taken 0% (throw)
call    2 returned 100%
        1:   88:    ASSERT_EQ(89, v);}
branch  0 taken 100% (fallthrough)
branch  1 taken 0% (throw)
call    2 returned 100%
call    3 returned 100%
branch  4 taken 0% (fallthrough)
branch  5 taken 100%
branch  6 never executed
branch  7 never executed
call    8 never executed
branch  9 never executed
branch 10 never executed
call   11 never executed
branch 12 never executed
branch 13 never executed
call   14 never executed
branch 15 never executed
branch 16 never executed
call   17 never executed
branch 18 never executed
branch 19 never executed
call   20 never executed
branch 21 never executed
branch 22 never executed
call   23 never executed
branch 24 taken 100% (fallthrough)
branch 25 taken 0% (throw)
call   26 returned 100%
branch 27 taken 100%
branch 28 taken 0%
call   29 never executed
call   30 never executed
call   31 never executed
call   32 never executed
        -:   89:
function _ZN19Collatz_eval_4_TestD0Ev called 1 returned 100% blocks executed 100%
function _ZN19Collatz_eval_4_TestD2Ev called 1 returned 100% blocks executed 75%
function _ZN19Collatz_eval_4_Test8TestBodyEv called 1 returned 100% blocks executed 35%
function _ZN19Collatz_eval_4_TestC2Ev called 1 returned 100% blocks executed 100%
        5:   90:TEST(Collatz, eval_4) {
call    0 returned 100%
call    1 returned 100%
call    2 returned 100%
call    3 returned 100%
call    4 returned 100%
call    5 returned 100%
call    6 returned 100%
branch  7 taken 0% (fallthrough)
branch  8 taken 100%
call    9 never executed
call   10 returned 100%
        1:   91:    const int v = collatz_eval(900, 1000);
branch  0 taken 100% (fallthrough)
branch  1 taken 0% (throw)
call    2 returned 100%
        1:   92:    ASSERT_EQ(174, v);}
branch  0 taken 100% (fallthrough)
branch  1 taken 0% (throw)
call    2 returned 100%
call    3 returned 100%
branch  4 taken 0% (fallthrough)
branch  5 taken 100%
branch  6 never executed
branch  7 never executed
call    8 never executed
branch  9 never executed
branch 10 never executed
call   11 never executed
branch 12 never executed
branch 13 never executed
call   14 never executed
branch 15 never executed
branch 16 never executed
call   17 never executed
branch 18 never executed
branch 19 never executed
call   20 never executed
branch 21 never executed
branch 22 never executed
call   23 never executed
branch 24 taken 100% (fallthrough)
branch 25 taken 0% (throw)
call   26 returned 100%
branch 27 taken 100%
branch 28 taken 0%
call   29 never executed
call   30 never executed
call   31 never executed
call   32 never executed
        -:   93:
function _ZN25Collatz_eval_swapped_TestD0Ev called 1 returned 100% blocks executed 100%
function _ZN25Collatz_eval_swapped_TestD2Ev called 1 returned 100% blocks executed 75%
function _ZN25Collatz_eval_swapped_Test8TestBodyEv called 1 returned 100% blocks executed 35%
function _ZN25Collatz_eval_swapped_TestC2Ev called 1 returned 100% blocks executed 100%
        5:   94:TEST(Collatz, eval_swapped) {
call    0 returned 100%
call    1 returned 100%
call    2 returned 100%
call    3 returned 100%
call    4 returned 100%
call    5 returned 100%
call    6 returned 100%
branch  7 taken 0% (fallthrough)
branch  8 taken 100%
call    9 never executed
call   10 returned 100%
        1:   95:    const int v = collatz_eval(1000, 900);
branch  0 taken 100% (fallthrough)
branch  1 taken 0% (throw)
call    2 returned 100%
        1:   96:    ASSERT_EQ(174, v);}
branch  0 taken 100% (fallthrough)
branch  1 taken 0% (throw)
call    2 returned 100%
call    3 returned 100%
branch  4 taken 0% (fallthrough)
branch  5 taken 100%
branch  6 never executed
branch  7 never executed
call    8 never executed
branch  9 never executed
branch 10 never executed
call   11 never executed
branch 12 never executed
branch 13 never executed
call   14 never executed
branch 15 never executed
branch 16 never executed
call   17 never executed
branch 18 never executed
branch 19 never executed
call   20 never executed
branch 21 never executed
branch 22 never executed
call   23 never executed
branch 24 taken 100% (fallthrough)
branch 25 taken 0% (throw)
call   26 returned 100%
branch 27 taken 100%
branch 28 taken 0%
call   29 never executed
call   30 never executed
call   31 never executed
call   32 never executed
        -:   97:
function _ZN27Collatz_eval_base_case_TestD0Ev called 1 returned 100% blocks executed 100%
function _ZN27Collatz_eval_base_case_TestD2Ev called 1 returned 100% blocks executed 75%
function _ZN27Collatz_eval_base_case_Test8TestBodyEv called 1 returned 100% blocks executed 35%
function _ZN27Collatz_eval_base_case_TestC2Ev called 1 returned 100% blocks executed 100%
        5:   98:TEST(Collatz, eval_base_case) {
call    0 returned 100%
call    1 returned 100%
call    2 returned 100%
call    3 returned 100%
call    4 returned 100%
call    5 returned 100%
call    6 returned 100%
branch  7 taken 0% (fallthrough)
branch  8 taken 100%
call    9 never executed
call   10 returned 100%
        1:   99:    const int v = collatz_eval(1, 1);
branch  0 taken 100% (fallthrough)
branch  1 taken 0% (throw)
call    2 returned 100%
        1:  100:    ASSERT_EQ(1, v);}
branch  0 taken 100% (fallthrough)
branch  1 taken 0% (throw)
call    2 returned 100%
call    3 returned 100%
branch  4 taken 0% (fallthrough)
branch  5 taken 100%
branch  6 never executed
branch  7 never executed
call    8 never executed
branch  9 never executed
branch 10 never executed
call   11 never executed
branch 12 never executed
branch 13 never executed
call   14 never executed
branch 15 never executed
branch 16 never executed
call   17 never executed
branch 18 never executed
branch 19 never executed
call   20 never executed
branch 21 never executed
branch 22 never executed
call   23 never executed
branch 24 taken 100% (fallthrough)
branch 25 taken 0% (throw)
call   26 returned 100%
branch 27 taken 100%
branch 28 taken 0%
call   29 never executed
call   30 never executed
call   31 never executed
call   32 never executed
        -:  101:
function _ZN29Collatz_eval_1_to_999999_TestD0Ev called 1 returned 100% blocks executed 100%
function _ZN29Collatz_eval_1_to_999999_TestD2Ev called 1 returned 100% blocks executed 75%
function _ZN29Collatz_eval_1_to_999999_Test8TestBodyEv called 1 returned 100% blocks executed 35%
function _ZN29Collatz_eval_1_to_999999_TestC2Ev called 1 returned 100% blocks executed 100%
        5:  102:TEST(Collatz, eval_1_to_999999) {
call    0 returned 100%
call    1 returned 100%
call    2 returned 100%
call    3 returned 100%
call    4 returned 100%
call    5 returned 100%
call    6 returned 100%
branch  7 taken 0% (fallthrough)
branch  8 taken 100%
call    9 never executed
call   10 returned 100%
        1:  103:    const int v = collatz_eval(1, 999999);
branch  0 taken 100% (fallthrough)
branch  1 taken 0% (throw)
call    2 returned 100%
        1:  104:    ASSERT_EQ(525, v);}
branch  0 taken 100% (fallthrough)
branch  1 taken 0% (throw)
call    2 returned 100%
call    3 returned 100%
branch  4 taken 0% (fallthrough)
branch  5 taken 100%
branch  6 never executed
branch  7 never executed
call    8 never executed
branch  9 never executed
branch 10 never executed
call   11 never executed
branch 12 never executed
branch 13 never executed
call   14 never executed
branch 15 never executed
branch 16 never executed
call   17 never executed
branch 18 never executed
branch 19 never executed
call   20 never executed
branch 21 never executed
branch 22 never executed
call   23 never executed
branch 24 taken 100% (fallthrough)
branch 25 taken 0% (throw)
call   26 returned 100%
branch 27 taken 100%
branch 28 taken 0%
call   29 never executed
call   30 never executed
call   31 never executed
call   32 never executed
        -:  105:
        -:  106:// -----
        -:  107:// print
        -:  108:// -----
        -:  109:
function _ZN18Collatz_print_TestD0Ev called 1 returned 100% blocks executed 100%
function _ZN18Collatz_print_TestD2Ev called 1 returned 100% blocks executed 75%
function _ZN18Collatz_print_Test8TestBodyEv called 1 returned 100% blocks executed 42%
function _ZN18Collatz_print_TestC2Ev called 1 returned 100% blocks executed 100%
        5:  110:TEST(Collatz, print) {
call    0 returned 100%
call    1 returned 100%
call    2 returned 100%
call    3 returned 100%
call    4 returned 100%
call    5 returned 100%
call    6 returned 100%
branch  7 taken 0% (fallthrough)
branch  8 taken 100%
call    9 never executed
call   10 returned 100%
        1:  111:    std::ostringstream w;
branch  0 taken 100% (fallthrough)
branch  1 taken 0% (throw)
call    2 returned 100%
        1:  112:    collatz_print(w, 1, 10, 20);
branch  0 taken 100% (fallthrough)
branch  1 taken 0% (throw)
call    2 returned 100%
        1:  113:    ASSERT_EQ("1 10 20\n", w.str());}
branch  0 taken 100% (fallthrough)
branch  1 taken 0% (throw)
call    2 returned 100%
branch  3 taken 100% (fallthrough)
branch  4 taken 0% (throw)
call    5 returned 100%
call    6 returned 100%
call    7 returned 100%
branch  8 taken 0% (fallthrough)
branch  9 taken 100%
branch 10 never executed
branch 11 never executed
call   12 never executed
branch 13 never executed
branch 14 never executed
call   15 never executed
branch 16 never executed
branch 17 never executed
call   18 never executed
branch 19 never executed
branch 20 never executed
call   21 never executed
branch 22 never executed
branch 23 never executed
call   24 never executed
branch 25 never executed
branch 26 never executed
call   27 never executed
branch 28 taken 100% (fallthrough)
branch 29 taken 0% (throw)
call   30 returned 100%
branch 31 taken 100%
branch 32 taken 0%
branch 33 taken 100% (fallthrough)
branch 34 taken 0% (throw)
call   35 returned 100%
branch 36 taken 100%
branch 37 taken 0%
call   38 never executed
call   39 never executed
call   40 never executed
call   41 never executed
call   42 never executed
call   43 never executed
        -:  114:
function _ZN26Collatz_print_swapped_TestD0Ev called 1 returned 100% blocks executed 100%
function _ZN26Collatz_print_swapped_TestD2Ev called 1 returned 100% blocks executed 75%
function _ZN26Collatz_print_swapped_Test8TestBodyEv called 1 returned 100% blocks executed 42%
function _ZN26Collatz_print_swapped_TestC2Ev called 1 returned 100% blocks executed 100%
        5:  115:TEST(Collatz, print_swapped) {
call    0 returned 100%
call    1 returned 100%
call    2 returned 100%
call    3 returned 100%
call    4 returned 100%
call    5 returned 100%
call    6 returned 100%
branch  7 taken 0% (fallthrough)
branch  8 taken 100%
call    9 never executed
call   10 returned 100%
        1:  116:    std::ostringstream w;
branch  0 taken 100% (fallthrough)
branch  1 taken 0% (throw)
call    2 returned 100%
        1:  117:    collatz_print(w, 10, 1, 20);
branch  0 taken 100% (fallthrough)
branch  1 taken 0% (throw)
call    2 returned 100%
        1:  118:    ASSERT_EQ("10 1 20\n", w.str());}
branch  0 taken 100% (fallthrough)
branch  1 taken 0% (throw)
call    2 returned 100%
branch  3 taken 100% (fallthrough)
branch  4 taken 0% (throw)
call    5 returned 100%
call    6 returned 100%
call    7 returned 100%
branch  8 taken 0% (fallthrough)
branch  9 taken 100%
branch 10 never executed
branch 11 never executed
call   12 never executed
branch 13 never executed
branch 14 never executed
call   15 never executed
branch 16 never executed
branch 17 never executed
call   18 never executed
branch 19 never executed
branch 20 never executed
call   21 never executed
branch 22 never executed
branch 23 never executed
call   24 never executed
branch 25 never executed
branch 26 never executed
call   27 never executed
branch 28 taken 100% (fallthrough)
branch 29 taken 0% (throw)
call   30 returned 100%
branch 31 taken 100%
branch 32 taken 0%
branch 33 taken 100% (fallthrough)
branch 34 taken 0% (throw)
call   35 returned 100%
branch 36 taken 100%
branch 37 taken 0%
call   38 never executed
call   39 never executed
call   40 never executed
call   41 never executed
call   42 never executed
call   43 never executed
        -:  119:
function _ZN23Collatz_print_same_TestD0Ev called 1 returned 100% blocks executed 100%
function _ZN23Collatz_print_same_TestD2Ev called 1 returned 100% blocks executed 75%
function _ZN23Collatz_print_same_Test8TestBodyEv called 1 returned 100% blocks executed 42%
function _ZN23Collatz_print_same_TestC2Ev called 1 returned 100% blocks executed 100%
        5:  120:TEST(Collatz, print_same) {
call    0 returned 100%
call    1 returned 100%
call    2 returned 100%
call    3 returned 100%
call    4 returned 100%
call    5 returned 100%
call    6 returned 100%
branch  7 taken 0% (fallthrough)
branch  8 taken 100%
call    9 never executed
call   10 returned 100%
        1:  121:    std::ostringstream w;
branch  0 taken 100% (fallthrough)
branch  1 taken 0% (throw)
call    2 returned 100%
        1:  122:    collatz_print(w, 10, 10, 10);
branch  0 taken 100% (fallthrough)
branch  1 taken 0% (throw)
call    2 returned 100%
        1:  123:    ASSERT_EQ("10 10 10\n", w.str());}
branch  0 taken 100% (fallthrough)
branch  1 taken 0% (throw)
call    2 returned 100%
branch  3 taken 100% (fallthrough)
branch  4 taken 0% (throw)
call    5 returned 100%
call    6 returned 100%
call    7 returned 100%
branch  8 taken 0% (fallthrough)
branch  9 taken 100%
branch 10 never executed
branch 11 never executed
call   12 never executed
branch 13 never executed
branch 14 never executed
call   15 never executed
branch 16 never executed
branch 17 never executed
call   18 never executed
branch 19 never executed
branch 20 never executed
call   21 never executed
branch 22 never executed
branch 23 never executed
call   24 never executed
branch 25 never executed
branch 26 never executed
call   27 never executed
branch 28 taken 100% (fallthrough)
branch 29 taken 0% (throw)
call   30 returned 100%
branch 31 taken 100%
branch 32 taken 0%
branch 33 taken 100% (fallthrough)
branch 34 taken 0% (throw)
call   35 returned 100%
branch 36 taken 100%
branch 37 taken 0%
call   38 never executed
call   39 never executed
call   40 never executed
call   41 never executed
call   42 never executed
call   43 never executed
        -:  124:
        -:  125:// -----
        -:  126:// solve
        -:  127:// -----
        -:  128:
function _ZN18Collatz_solve_TestD0Ev called 1 returned 100% blocks executed 100%
function _ZN18Collatz_solve_TestD2Ev called 1 returned 100% blocks executed 75%
function _ZN18Collatz_solve_Test8TestBodyEv called 1 returned 100% blocks executed 45%
function _ZN18Collatz_solve_TestC2Ev called 1 returned 100% blocks executed 100%
        5:  129:TEST(Collatz, solve) {
call    0 returned 100%
call    1 returned 100%
call    2 returned 100%
call    3 returned 100%
call    4 returned 100%
call    5 returned 100%
call    6 returned 100%
branch  7 taken 0% (fallthrough)
branch  8 taken 100%
call    9 never executed
call   10 returned 100%
        1:  130:    std::istringstream r("1 10\n100 200\n201 210\n900 1000\n");
call    0 returned 100%
branch  1 taken 100% (fallthrough)
branch  2 taken 0% (throw)
call    3 returned 100%
branch  4 taken 100% (fallthrough)
branch  5 taken 0% (throw)
call    6 returned 100%
call    7 returned 100%
call    8 returned 100%
call    9 never executed
call   10 never executed
        1:  131:    std::ostringstream w;
branch  0 taken 100% (fallthrough)
branch  1 taken 0% (throw)
call    2 returned 100%
        1:  132:    collatz_solve(r, w);
branch  0 taken 100% (fallthrough)
branch  1 taken 0% (throw)
call    2 returned 100%
        1:  133:    ASSERT_EQ("1 10 20\n100 200 125\n201 210 89\n900 1000 174\n", w.str());}
branch  0 taken 100% (fallthrough)
branch  1 taken 0% (throw)
call    2 returned 100%
branch  3 taken 100% (fallthrough)
branch  4 taken 0% (throw)
call    5 returned 100%
call    6 returned 100%
call    7 returned 100%
branch  8 taken 0% (fallthrough)
branch  9 taken 100%
branch 10 never executed
branch 11 never executed
call   12 never executed
branch 13 never executed
branch 14 never executed
call   15 never executed
branch 16 never executed
branch 17 never executed
call   18 never executed
branch 19 never executed
branch 20 never executed
call   21 never executed
branch 22 never executed
branch 23 never executed
call   24 never executed
branch 25 never executed
branch 26 never executed
call   27 never executed
branch 28 taken 100% (fallthrough)
branch 29 taken 0% (throw)
call   30 returned 100%
branch 31 taken 100%
branch 32 taken 0%
branch 33 taken 100% (fallthrough)
branch 34 taken 0% (throw)
call   35 returned 100%
branch 36 taken 0%
branch 37 taken 100%
branch 38 taken 100% (fallthrough)
branch 39 taken 0% (throw)
call   40 returned 100%
branch 41 taken 100%
branch 42 taken 0%
call   43 never executed
call   44 never executed
call   45 never executed
call   46 never executed
call   47 never executed
call   48 never executed
call   49 never executed
        -:  134:
function _ZN23Collatz_solve_same_TestD0Ev called 1 returned 100% blocks executed 100%
function _ZN23Collatz_solve_same_TestD2Ev called 1 returned 100% blocks executed 75%
function _ZN23Collatz_solve_same_Test8TestBodyEv called 1 returned 100% blocks executed 45%
function _ZN23Collatz_solve_same_TestC2Ev called 1 returned 100% blocks executed 100%
        5:  135:TEST(Collatz, solve_same) {
call    0 returned 100%
call    1 returned 100%
call    2 returned 100%
call    3 returned 100%
call    4 returned 100%
call    5 returned 100%
call    6 returned 100%
branch  7 taken 0% (fallthrough)
branch  8 taken 100%
call    9 never executed
call   10 returned 100%
        1:  136:    std::istringstream r("1 1\n2 2\n3 3\n4 4\n");
call    0 returned 100%
branch  1 taken 100% (fallthrough)
branch  2 taken 0% (throw)
call    3 returned 100%
branch  4 taken 100% (fallthrough)
branch  5 taken 0% (throw)
call    6 returned 100%
call    7 returned 100%
call    8 returned 100%
call    9 never executed
call   10 never executed
        1:  137:    std::ostringstream w;
branch  0 taken 100% (fallthrough)
branch  1 taken 0% (throw)
call    2 returned 100%
        1:  138:    collatz_solve(r, w);
branch  0 taken 100% (fallthrough)
branch  1 taken 0% (throw)
call    2 returned 100%
        1:  139:    ASSERT_EQ("1 1 1\n2 2 2\n3 3 8\n4 4 3\n", w.str());}
branch  0 taken 100% (fallthrough)
branch  1 taken 0% (throw)
call    2 returned 100%
branch  3 taken 100% (fallthrough)
branch  4 taken 0% (throw)
call    5 returned 100%
call    6 returned 100%
call    7 returned 100%
branch  8 taken 0% (fallthrough)
branch  9 taken 100%
branch 10 never executed
branch 11 never executed
call   12 never executed
branch 13 never executed
branch 14 never executed
call   15 never executed
branch 16 never executed
branch 17 never executed
call   18 never executed
branch 19 never executed
branch 20 never executed
call   21 never executed
branch 22 never executed
branch 23 never executed
call   24 never executed
branch 25 never executed
branch 26 never executed
call   27 never executed
branch 28 taken 100% (fallthrough)
branch 29 taken 0% (throw)
call   30 returned 100%
branch 31 taken 100%
branch 32 taken 0%
branch 33 taken 100% (fallthrough)
branch 34 taken 0% (throw)
call   35 returned 100%
branch 36 taken 0%
branch 37 taken 100%
branch 38 taken 100% (fallthrough)
branch 39 taken 0% (throw)
call   40 returned 100%
branch 41 taken 100%
branch 42 taken 0%
call   43 never executed
call   44 never executed
call   45 never executed
call   46 never executed
call   47 never executed
call   48 never executed
call   49 never executed
        -:  140:
function _ZN26Collatz_solve_swapped_TestD0Ev called 1 returned 100% blocks executed 100%
function _ZN26Collatz_solve_swapped_TestD2Ev called 1 returned 100% blocks executed 75%
function _ZN26Collatz_solve_swapped_Test8TestBodyEv called 1 returned 100% blocks executed 45%
function _ZN26Collatz_solve_swapped_TestC2Ev called 1 returned 100% blocks executed 100%
        5:  141:TEST(Collatz, solve_swapped) {
call    0 returned 100%
call    1 returned 100%
call    2 returned 100%
call    3 returned 100%
call    4 returned 100%
call    5 returned 100%
call    6 returned 100%
branch  7 taken 0% (fallthrough)
branch  8 taken 100%
call    9 never executed
call   10 returned 100%
        1:  142:    std::istringstream r("10 1\n200 100\n210 201\n1000 900\n");
call    0 returned 100%
branch  1 taken 100% (fallthrough)
branch  2 taken 0% (throw)
call    3 returned 100%
branch  4 taken 100% (fallthrough)
branch  5 taken 0% (throw)
call    6 returned 100%
call    7 returned 100%
call    8 returned 100%
call    9 never executed
call   10 never executed
        1:  143:    std::ostringstream w;
branch  0 taken 100% (fallthrough)
branch  1 taken 0% (throw)
call    2 returned 100%
        1:  144:    collatz_solve(r, w);
branch  0 taken 100% (fallthrough)
branch  1 taken 0% (throw)
call    2 returned 100%
        1:  145:    ASSERT_EQ("10 1 20\n200 100 125\n210 201 89\n1000 900 174\n", w.str());}
branch  0 taken 100% (fallthrough)
branch  1 taken 0% (throw)
call    2 returned 100%
branch  3 taken 100% (fallthrough)
branch  4 taken 0% (throw)
call    5 returned 100%
call    6 returned 100%
call    7 returned 100%
branch  8 taken 0% (fallthrough)
branch  9 taken 100%
branch 10 never executed
branch 11 never executed
call   12 never executed
branch 13 never executed
branch 14 never executed
call   15 never executed
branch 16 never executed
branch 17 never executed
call   18 never executed
branch 19 never executed
branch 20 never executed
call   21 never executed
branch 22 never executed
branch 23 never executed
call   24 never executed
branch 25 never executed
branch 26 never executed
call   27 never executed
branch 28 taken 100% (fallthrough)
branch 29 taken 0% (throw)
call   30 returned 100%
branch 31 taken 100%
branch 32 taken 0%
branch 33 taken 100% (fallthrough)
branch 34 taken 0% (throw)
call   35 returned 100%
branch 36 taken 0%
branch 37 taken 100%
branch 38 taken 100% (fallthrough)
branch 39 taken 0% (throw)
call   40 returned 100%
branch 41 taken 100%
branch 42 taken 0%
call   43 never executed
call   44 never executed
call   45 never executed
call   46 never executed
call   47 never executed
call   48 never executed
call   49 never executed
        -:  146:
        -:  147:// -----
        -:  148:// find_cycle_length
        -:  149:// -----
        -:  150:
function _ZN32Collatz_find_cycle_length_1_TestD0Ev called 1 returned 100% blocks executed 100%
function _ZN32Collatz_find_cycle_length_1_TestD2Ev called 1 returned 100% blocks executed 75%
function _ZN32Collatz_find_cycle_length_1_Test8TestBodyEv called 1 returned 100% blocks executed 35%
function _ZN32Collatz_find_cycle_length_1_TestC2Ev called 1 returned 100% blocks executed 100%
        5:  151:TEST(Collatz, find_cycle_length_1) {
call    0 returned 100%
call    1 returned 100%
call    2 returned 100%
call    3 returned 100%
call    4 returned 100%
call    5 returned 100%
call    6 returned 100%
branch  7 taken 0% (fallthrough)
branch  8 taken 100%
call    9 never executed
call   10 returned 100%
        1:  152:    const int v = collatz_find_cycle_length(1);
branch  0 taken 100% (fallthrough)
branch  1 taken 0% (throw)
call    2 returned 100%
        1:  153:    ASSERT_EQ(1, v);}
branch  0 taken 100% (fallthrough)
branch  1 taken 0% (throw)
call    2 returned 100%
call    3 returned 100%
branch  4 taken 0% (fallthrough)
branch  5 taken 100%
branch  6 never executed
branch  7 never executed
call    8 never executed
branch  9 never executed
branch 10 never executed
call   11 never executed
branch 12 never executed
branch 13 never executed
call   14 never executed
branch 15 never executed
branch 16 never executed
call   17 never executed
branch 18 never executed
branch 19 never executed
call   20 never executed
branch 21 never executed
branch 22 never executed
call   23 never executed
branch 24 taken 100% (fallthrough)
branch 25 taken 0% (throw)
call   26 returned 100%
branch 27 taken 100%
branch 28 taken 0%
call   29 never executed
call   30 never executed
call   31 never executed
call   32 never executed
        -:  154:
function _ZN32Collatz_find_cycle_length_5_TestD0Ev called 1 returned 100% blocks executed 100%
function _ZN32Collatz_find_cycle_length_5_TestD2Ev called 1 returned 100% blocks executed 75%
function _ZN32Collatz_find_cycle_length_5_Test8TestBodyEv called 1 returned 100% blocks executed 35%
function _ZN32Collatz_find_cycle_length_5_TestC2Ev called 1 returned 100% blocks executed 100%
        5:  155:TEST(Collatz, find_cycle_length_5) {
call    0 returned 100%
call    1 returned 100%
call    2 returned 100%
call    3 returned 100%
call    4 returned 100%
call    5 returned 100%
call    6 returned 100%
branch  7 taken 0% (fallthrough)
branch  8 taken 100%
call    9 never executed
call   10 returned 100%
        1:  156:    const int v = collatz_find_cycle_length(5);
branch  0 taken 100% (fallthrough)
branch  1 taken 0% (throw)
call    2 returned 100%
        1:  157:    ASSERT_EQ(6, v);}
branch  0 taken 100% (fallthrough)
branch  1 taken 0% (throw)
call    2 returned 100%
call    3 returned 100%
branch  4 taken 0% (fallthrough)
branch  5 taken 100%
branch  6 never executed
branch  7 never executed
call    8 never executed
branch  9 never executed
branch 10 never executed
call   11 never executed
branch 12 never executed
branch 13 never executed
call   14 never executed
branch 15 never executed
branch 16 never executed
call   17 never executed
branch 18 never executed
branch 19 never executed
call   20 never executed
branch 21 never executed
branch 22 never executed
call   23 never executed
branch 24 taken 100% (fallthrough)
branch 25 taken 0% (throw)
call   26 returned 100%
branch 27 taken 100%
branch 28 taken 0%
call   29 never executed
call   30 never executed
call   31 never executed
call   32 never executed
        -:  158:
function _ZN33Collatz_find_cycle_length_10_TestD0Ev called 1 returned 100% blocks executed 100%
function _ZN33Collatz_find_cycle_length_10_TestD2Ev called 1 returned 100% blocks executed 75%
function _ZN33Collatz_find_cycle_length_10_Test8TestBodyEv called 1 returned 100% blocks executed 35%
function _ZN33Collatz_find_cycle_length_10_TestC2Ev called 1 returned 100% blocks executed 100%
        5:  159:TEST(Collatz, find_cycle_length_10) {
call    0 returned 100%
call    1 returned 100%
call    2 returned 100%
call    3 returned 100%
call    4 returned 100%
call    5 returned 100%
call    6 returned 100%
branch  7 taken 0% (fallthrough)
branch  8 taken 100%
call    9 never executed
call   10 returned 100%
        1:  160:    const int v = collatz_find_cycle_length(10);
branch  0 taken 100% (fallthrough)
branch  1 taken 0% (throw)
call    2 returned 100%
function _GLOBAL__sub_I__ZN17Collatz_read_Test10test_info_E called 1 returned 100% blocks executed 100%
function _Z41__static_initialization_and_destruction_0ii called 1 returned 100% blocks executed 100%
        4:  161:    ASSERT_EQ(7, v);}
call    0 returned 100%
branch  1 taken 100% (fallthrough)
branch  2 taken 0%
branch  3 taken 100% (fallthrough)
branch  4 taken 0%
branch  5 taken 100% (fallthrough)
branch  6 taken 0% (throw)
call    7 returned 100%
call    8 returned 100%
branch  9 taken 0% (fallthrough)
branch 10 taken 100%
branch 11 never executed
branch 12 never executed
call   13 never executed
branch 14 never executed
branch 15 never executed
call   16 never executed
branch 17 never executed
branch 18 never executed
call   19 never executed
branch 20 never executed
branch 21 never executed
call   22 never executed
branch 23 never executed
branch 24 never executed
call   25 never executed
branch 26 never executed
branch 27 never executed
call   28 never executed
branch 29 taken 100% (fallthrough)
branch 30 taken 0% (throw)
call   31 returned 100%
branch 32 taken 100%
branch 33 taken 0%
call   34 never executed
call   35 never executed
call   36 never executed
call   37 never executed
        -:  162:
        -:  163:/*
        -:  164:% g++-4.7 -fprofile-arcs -ftest-coverage -pedantic -std=c++11 -Wall Collatz.c++ TestCollatz.c++ -o TestCollatz -lgtest -lgtest_main -lpthread
        -:  165:
        -:  166:
        -:  167:
        -:  168:% valgrind TestCollatz
        -:  169:==17162== Memcheck, a memory error detector
        -:  170:==17162== Copyright (C) 2002-2011, and GNU GPL'd, by Julian Seward et al.
        -:  171:==17162== Using Valgrind-3.7.0 and LibVEX; rerun with -h for copyright info
        -:  172:==17162== Command: TestCollatz
        -:  173:==17162==
        -:  174:Running main() from gtest_main.cc
        -:  175:[==========] Running 7 tests from 1 test case.
        -:  176:[----------] Global test environment set-up.
        -:  177:[----------] 7 tests from Collatz
        -:  178:[ RUN      ] Collatz.read
        -:  179:[       OK ] Collatz.read (30 ms)
        -:  180:[ RUN      ] Collatz.eval_1
        -:  181:TestCollatz.c++:67: Failure
        -:  182:Value of: v
        -:  183:  Actual: 1
        -:  184:Expected: 20
        -:  185:[  FAILED  ] Collatz.eval_1 (57 ms)
        -:  186:[ RUN      ] Collatz.eval_2
        -:  187:TestCollatz.c++:71: Failure
        -:  188:Value of: v
        -:  189:  Actual: 1
        -:  190:Expected: 125
        -:  191:[  FAILED  ] Collatz.eval_2 (6 ms)
        -:  192:[ RUN      ] Collatz.eval_3
        -:  193:TestCollatz.c++:75: Failure
        -:  194:Value of: v
        -:  195:  Actual: 1
        -:  196:Expected: 89
        -:  197:[  FAILED  ] Collatz.eval_3 (5 ms)
        -:  198:[ RUN      ] Collatz.eval_4
        -:  199:TestCollatz.c++:79: Failure
        -:  200:Value of: v
        -:  201:  Actual: 1
        -:  202:Expected: 174
        -:  203:[  FAILED  ] Collatz.eval_4 (5 ms)
        -:  204:[ RUN      ] Collatz.print
        -:  205:[       OK ] Collatz.print (12 ms)
        -:  206:[ RUN      ] Collatz.solve
        -:  207:TestCollatz.c++:98: Failure
        -:  208:Value of: w.str()
        -:  209:  Actual: "1 10 1\n100 200 1\n201 210 1\n900 1000 1\n"
        -:  210:Expected: "1 10 20\n100 200 125\n201 210 89\n900 1000 174\n"
        -:  211:Which is: "1 10 20
        -:  212:100 200 125
        -:  213:201 210 89
        -:  214:900 1000 174
        -:  215:"
        -:  216:[  FAILED  ] Collatz.solve (22 ms)
        -:  217:[----------] 7 tests from Collatz (157 ms total)
        -:  218:
        -:  219:[----------] Global test environment tear-down
        -:  220:[==========] 7 tests from 1 test case ran. (201 ms total)
        -:  221:[  PASSED  ] 2 tests.
        -:  222:[  FAILED  ] 5 tests, listed below:
        -:  223:[  FAILED  ] Collatz.eval_1
        -:  224:[  FAILED  ] Collatz.eval_2
        -:  225:[  FAILED  ] Collatz.eval_3
        -:  226:[  FAILED  ] Collatz.eval_4
        -:  227:[  FAILED  ] Collatz.solve
        -:  228:
        -:  229: 5 FAILED TESTS
        -:  230:==17162==
        -:  231:==17162== HEAP SUMMARY:
        -:  232:==17162==     in use at exit: 0 bytes in 0 blocks
        -:  233:==17162==   total heap usage: 746 allocs, 746 frees, 115,424 bytes allocated
        -:  234:==17162==
        -:  235:==17162== All heap blocks were freed -- no leaks are possible
        -:  236:==17162==
        -:  237:==17162== For counts of detected and suppressed errors, rerun with: -v
        -:  238:==17162== ERROR SUMMARY: 0 errors from 0 contexts (suppressed: 2 from 2)
        -:  239:
        -:  240:
        -:  241:
        -:  242:% gcov-4.7 -b Collatz.c++
        -:  243:File 'Collatz.c++'
        -:  244:Lines executed:100.00% of 17
        -:  245:Branches executed:100.00% of 18
        -:  246:Taken at least once:61.11% of 18
        -:  247:Calls executed:89.47% of 19
        -:  248:Creating 'Collatz.c++.gcov'
        -:  249:...
        -:  250:
        -:  251:
        -:  252:
        -:  253:% cat Collatz.c++.gcov
        -:  254:...
        -:  255:
        -:  256:
        -:  257:
        -:  258:% gcov-4.7 -b TestCollatz.c++
        -:  259:File 'TestCollatz.c++'
        -:  260:Lines executed:100.00% of 26
        -:  261:Branches executed:83.93% of 224
        -:  262:Taken at least once:41.96% of 224
        -:  263:Calls executed:67.65% of 204
        -:  264:Creating 'TestCollatz.c++.gcov'
        -:  265:...
        -:  266:
        -:  267:
        -:  268:
        -:  269:% cat TestCollatz.c++.gcov
        -:  270:...
        -:  271:*/
